e:\c++\2024_8_7(类与对象：中2  )\2024_8_7\2024_8_7\x64\debug\vc143.pdb
e:\c++\2024_8_7(类与对象：中2  )\2024_8_7\2024_8_7\x64\debug\vc143.idb
e:\c++\2024_8_7(类与对象：中2  )\2024_8_7\2024_8_7\x64\debug\test.obj
e:\c++\2024_8_7(类与对象：中2  )\2024_8_7\2024_8_7\x64\debug\2024_8_7.obj
e:\c++\2024_8_7(类与对象：中2  )\2024_8_7\2024_8_7\x64\debug\2024_8_7.ilk
e:\c++\2024_8_7(类与对象：中2  )\2024_8_7\x64\debug\2024_8_7.pdb
e:\c++\2024_8_7(类与对象：中2  )\2024_8_7\2024_8_7\x64\debug\2024_8_7.tlog\cl.command.1.tlog
e:\c++\2024_8_7(类与对象：中2  )\2024_8_7\2024_8_7\x64\debug\2024_8_7.tlog\cl.items.tlog
e:\c++\2024_8_7(类与对象：中2  )\2024_8_7\2024_8_7\x64\debug\2024_8_7.tlog\cl.read.1.tlog
e:\c++\2024_8_7(类与对象：中2  )\2024_8_7\2024_8_7\x64\debug\2024_8_7.tlog\cl.write.1.tlog
e:\c++\2024_8_7(类与对象：中2  )\2024_8_7\2024_8_7\x64\debug\2024_8_7.tlog\link.24396-cvtres.read.1.tlog
e:\c++\2024_8_7(类与对象：中2  )\2024_8_7\2024_8_7\x64\debug\2024_8_7.tlog\link.24396-cvtres.write.1.tlog
e:\c++\2024_8_7(类与对象：中2  )\2024_8_7\2024_8_7\x64\debug\2024_8_7.tlog\link.24396-rc.read.1.tlog
e:\c++\2024_8_7(类与对象：中2  )\2024_8_7\2024_8_7\x64\debug\2024_8_7.tlog\link.24396-rc.write.1.tlog
e:\c++\2024_8_7(类与对象：中2  )\2024_8_7\2024_8_7\x64\debug\2024_8_7.tlog\link.24396.read.1.tlog
e:\c++\2024_8_7(类与对象：中2  )\2024_8_7\2024_8_7\x64\debug\2024_8_7.tlog\link.24396.read.2.tlog
e:\c++\2024_8_7(类与对象：中2  )\2024_8_7\2024_8_7\x64\debug\2024_8_7.tlog\link.24396.read.3.tlog
e:\c++\2024_8_7(类与对象：中2  )\2024_8_7\2024_8_7\x64\debug\2024_8_7.tlog\link.24396.read.4.tlog
e:\c++\2024_8_7(类与对象：中2  )\2024_8_7\2024_8_7\x64\debug\2024_8_7.tlog\link.24396.write.1.tlog
e:\c++\2024_8_7(类与对象：中2  )\2024_8_7\2024_8_7\x64\debug\2024_8_7.tlog\link.command.1.tlog
e:\c++\2024_8_7(类与对象：中2  )\2024_8_7\2024_8_7\x64\debug\2024_8_7.tlog\link.read.1.tlog
e:\c++\2024_8_7(类与对象：中2  )\2024_8_7\2024_8_7\x64\debug\2024_8_7.tlog\link.secondary.1.tlog
e:\c++\2024_8_7(类与对象：中2  )\2024_8_7\2024_8_7\x64\debug\2024_8_7.tlog\link.write.1.tlog
